This is XeTeX, Version 3.14159265-2.6-0.999991 (TeX Live 2019/W32TeX) (preloaded format=xelatex 2020.2.2)  25 APR 2020 14:31
entering extended mode
 restricted \write18 enabled.
 %&-line parsing enabled.
**Kapitel6.tex
(./Kapitel6.tex
LaTeX2e <2019-10-01> patch level 3
(f:/texlive/texlive/2019/texmf-dist/tex/latex/base/article.cls
Document Class: article 2019/10/25 v1.4k Standard LaTeX document class
(f:/texlive/texlive/2019/texmf-dist/tex/latex/base/size12.clo
File: size12.clo 2019/10/25 v1.4k Standard LaTeX file (size option)
)
\c@part=\count80
\c@section=\count81
\c@subsection=\count82
\c@subsubsection=\count83
\c@paragraph=\count84
\c@subparagraph=\count85
\c@figure=\count86
\c@table=\count87
\abovecaptionskip=\skip41
\belowcaptionskip=\skip42
\bibindent=\dimen102
)
(f:/texlive/texlive/2019/texmf-dist/tex/latex/setspace/setspace.sty
Package: setspace 2011/12/19 v6.7a set line spacing
)
(f:/texlive/texlive/2019/texmf-dist/tex/latex/graphics/graphicx.sty
Package: graphicx 2017/06/01 v1.1a Enhanced LaTeX Graphics (DPC,SPQR)

(f:/texlive/texlive/2019/texmf-dist/tex/latex/graphics/keyval.sty
Package: keyval 2014/10/28 v1.15 key=value parser (DPC)
\KV@toks@=\toks14
)
(f:/texlive/texlive/2019/texmf-dist/tex/latex/graphics/graphics.sty
Package: graphics 2019/11/01 v1.3d Standard LaTeX Graphics (DPC,SPQR)

(f:/texlive/texlive/2019/texmf-dist/tex/latex/graphics/trig.sty
Package: trig 2016/01/03 v1.10 sin cos tan (DPC)
)
(f:/texlive/texlive/2019/texmf-dist/tex/latex/graphics-cfg/graphics.cfg
File: graphics.cfg 2016/06/04 v1.11 sample graphics configuration
)
Package graphics Info: Driver file: xetex.def on input line 105.

(f:/texlive/texlive/2019/texmf-dist/tex/latex/graphics-def/xetex.def
File: xetex.def 2017/06/24 v5.0h Graphics/color driver for xetex
))
\Gin@req@height=\dimen103
\Gin@req@width=\dimen104
)
(f:/texlive/texlive/2019/texmf-dist/tex/latex/amsmath/amsmath.sty
Package: amsmath 2019/11/16 v2.17d AMS math features
\@mathmargin=\skip43

For additional information on amsmath, use the `?' option.
(f:/texlive/texlive/2019/texmf-dist/tex/latex/amsmath/amstext.sty
Package: amstext 2000/06/29 v2.01 AMS text

(f:/texlive/texlive/2019/texmf-dist/tex/latex/amsmath/amsgen.sty
File: amsgen.sty 1999/11/30 v2.0 generic functions
\@emptytoks=\toks15
\ex@=\dimen105
))
(f:/texlive/texlive/2019/texmf-dist/tex/latex/amsmath/amsbsy.sty
Package: amsbsy 1999/11/29 v1.2d Bold Symbols
\pmbraise@=\dimen106
)
(f:/texlive/texlive/2019/texmf-dist/tex/latex/amsmath/amsopn.sty
Package: amsopn 2016/03/08 v2.02 operator names
)
\inf@bad=\count88
LaTeX Info: Redefining \frac on input line 227.
\uproot@=\count89
\leftroot@=\count90
LaTeX Info: Redefining \overline on input line 389.
\classnum@=\count91
\DOTSCASE@=\count92
LaTeX Info: Redefining \ldots on input line 486.
LaTeX Info: Redefining \dots on input line 489.
LaTeX Info: Redefining \cdots on input line 610.
\Mathstrutbox@=\box27
\strutbox@=\box28
\big@size=\dimen107
LaTeX Font Info:    Redeclaring font encoding OML on input line 733.
LaTeX Font Info:    Redeclaring font encoding OMS on input line 734.
\macc@depth=\count93
\c@MaxMatrixCols=\count94
\dotsspace@=\muskip10
\c@parentequation=\count95
\dspbrk@lvl=\count96
\tag@help=\toks16
\row@=\count97
\column@=\count98
\maxfields@=\count99
\andhelp@=\toks17
\eqnshift@=\dimen108
\alignsep@=\dimen109
\tagshift@=\dimen110
\tagwidth@=\dimen111
\totwidth@=\dimen112
\lineht@=\dimen113
\@envbody=\toks18
\multlinegap=\skip44
\multlinetaggap=\skip45
\mathdisplay@stack=\toks19
LaTeX Info: Redefining \[ on input line 2858.
LaTeX Info: Redefining \] on input line 2859.
)
(f:/texlive/texlive/2019/texmf-dist/tex/latex/geometry/geometry.sty
Package: geometry 2020/01/02 v5.9 Page Geometry

(f:/texlive/texlive/2019/texmf-dist/tex/generic/iftex/ifvtex.sty
Package: ifvtex 2019/10/25 v1.7 ifvtex legacy package. Use iftex instead.

(f:/texlive/texlive/2019/texmf-dist/tex/generic/iftex/iftex.sty
Package: iftex 2019/11/07 v1.0c TeX engine tests
))
\Gm@cnth=\count100
\Gm@cntv=\count101
\c@Gm@tempcnt=\count102
\Gm@bindingoffset=\dimen114
\Gm@wd@mp=\dimen115
\Gm@odd@mp=\dimen116
\Gm@even@mp=\dimen117
\Gm@layoutwidth=\dimen118
\Gm@layoutheight=\dimen119
\Gm@layouthoffset=\dimen120
\Gm@layoutvoffset=\dimen121
\Gm@dimlist=\toks20
)
(f:/texlive/texlive/2019/texmf-dist/tex/latex/fontspec/fontspec.sty
(f:/texlive/texlive/2019/texmf-dist/tex/latex/l3packages/xparse/xparse.sty
(f:/texlive/texlive/2019/texmf-dist/tex/latex/l3kernel/expl3.sty
Package: expl3 2020-01-31 L3 programming layer (loader) 

(f:/texlive/texlive/2019/texmf-dist/tex/latex/l3kernel/expl3-code.tex
Package: expl3 2020-01-31 L3 programming layer (code)
\c_max_int=\count103
\l_tmpa_int=\count104
\l_tmpb_int=\count105
\g_tmpa_int=\count106
\g_tmpb_int=\count107
\l__seq_internal_a_int=\count108
\l__seq_internal_b_int=\count109
\g__kernel_prg_map_int=\count110
\c__ior_term_noprompt_ior=\count111
\c_log_iow=\count112
\l_iow_line_count_int=\count113
\l__iow_line_target_int=\count114
\l__iow_one_indent_int=\count115
\l__iow_indent_int=\count116
\c_zero_dim=\dimen122
\c_max_dim=\dimen123
\l_tmpa_dim=\dimen124
\l_tmpb_dim=\dimen125
\g_tmpa_dim=\dimen126
\g_tmpb_dim=\dimen127
\c_zero_skip=\skip46
\c_max_skip=\skip47
\l_tmpa_skip=\skip48
\l_tmpb_skip=\skip49
\g_tmpa_skip=\skip50
\g_tmpb_skip=\skip51
\c_zero_muskip=\muskip11
\c_max_muskip=\muskip12
\l_tmpa_muskip=\muskip13
\l_tmpb_muskip=\muskip14
\g_tmpa_muskip=\muskip15
\g_tmpb_muskip=\muskip16
\l_keys_choice_int=\count117
\l__intarray_loop_int=\count118
\c__intarray_sp_dim=\dimen128
\g__intarray_font_int=\count119
\c__fp_leading_shift_int=\count120
\c__fp_middle_shift_int=\count121
\c__fp_trailing_shift_int=\count122
\c__fp_big_leading_shift_int=\count123
\c__fp_big_middle_shift_int=\count124
\c__fp_big_trailing_shift_int=\count125
\c__fp_Bigg_leading_shift_int=\count126
\c__fp_Bigg_middle_shift_int=\count127
\c__fp_Bigg_trailing_shift_int=\count128
\g__fp_array_int=\count129
\l__fp_array_loop_int=\count130
\l__sort_length_int=\count131
\l__sort_min_int=\count132
\l__sort_top_int=\count133
\l__sort_max_int=\count134
\l__sort_true_max_int=\count135
\l__sort_block_int=\count136
\l__sort_begin_int=\count137
\l__sort_end_int=\count138
\l__sort_A_int=\count139
\l__sort_B_int=\count140
\l__sort_C_int=\count141
\l__str_internal_int=\count142
\l__tl_analysis_normal_int=\count143
\l__tl_analysis_index_int=\count144
\l__tl_analysis_nesting_int=\count145
\l__tl_analysis_type_int=\count146
\l__regex_internal_a_int=\count147
\l__regex_internal_b_int=\count148
\l__regex_internal_c_int=\count149
\l__regex_balance_int=\count150
\l__regex_group_level_int=\count151
\l__regex_mode_int=\count152
\c__regex_cs_in_class_mode_int=\count153
\c__regex_cs_mode_int=\count154
\l__regex_catcodes_int=\count155
\l__regex_default_catcodes_int=\count156
\c__regex_catcode_L_int=\count157
\c__regex_catcode_O_int=\count158
\c__regex_catcode_A_int=\count159
\c__regex_all_catcodes_int=\count160
\l__regex_show_lines_int=\count161
\l__regex_min_state_int=\count162
\l__regex_max_state_int=\count163
\l__regex_left_state_int=\count164
\l__regex_right_state_int=\count165
\l__regex_capturing_group_int=\count166
\l__regex_min_pos_int=\count167
\l__regex_max_pos_int=\count168
\l__regex_curr_pos_int=\count169
\l__regex_start_pos_int=\count170
\l__regex_success_pos_int=\count171
\l__regex_curr_char_int=\count172
\l__regex_curr_catcode_int=\count173
\l__regex_last_char_int=\count174
\l__regex_case_changed_char_int=\count175
\l__regex_curr_state_int=\count176
\l__regex_step_int=\count177
\l__regex_min_active_int=\count178
\l__regex_max_active_int=\count179
\l__regex_replacement_csnames_int=\count180
\l__regex_match_count_int=\count181
\l__regex_min_submatch_int=\count182
\l__regex_submatch_int=\count183
\l__regex_zeroth_submatch_int=\count184
\g__regex_trace_regex_int=\count185
\c_empty_box=\box29
\l_tmpa_box=\box30
\l_tmpb_box=\box31
\g_tmpa_box=\box32
\g_tmpb_box=\box33
\l__box_top_dim=\dimen129
\l__box_bottom_dim=\dimen130
\l__box_left_dim=\dimen131
\l__box_right_dim=\dimen132
\l__box_top_new_dim=\dimen133
\l__box_bottom_new_dim=\dimen134
\l__box_left_new_dim=\dimen135
\l__box_right_new_dim=\dimen136
\l__box_internal_box=\box34
\l__coffin_internal_box=\box35
\l__coffin_internal_dim=\dimen137
\l__coffin_offset_x_dim=\dimen138
\l__coffin_offset_y_dim=\dimen139
\l__coffin_x_dim=\dimen140
\l__coffin_y_dim=\dimen141
\l__coffin_x_prime_dim=\dimen142
\l__coffin_y_prime_dim=\dimen143
\c_empty_coffin=\box36
\l__coffin_aligned_coffin=\box37
\l__coffin_aligned_internal_coffin=\box38
\l_tmpa_coffin=\box39
\l_tmpb_coffin=\box40
\g_tmpa_coffin=\box41
\g_tmpb_coffin=\box42
\l__coffin_bounding_shift_dim=\dimen144
\l__coffin_left_corner_dim=\dimen145
\l__coffin_right_corner_dim=\dimen146
\l__coffin_bottom_corner_dim=\dimen147
\l__coffin_top_corner_dim=\dimen148
\l__coffin_scaled_total_height_dim=\dimen149
\l__coffin_scaled_width_dim=\dimen150
\c__coffin_empty_coffin=\box43
\l__coffin_display_coffin=\box44
\l__coffin_display_coord_coffin=\box45
\l__coffin_display_pole_coffin=\box46
\l__coffin_display_offset_dim=\dimen151
\l__coffin_display_x_dim=\dimen152
\l__coffin_display_y_dim=\dimen153
\g__char_data_ior=\read1

(f:/texlive/texlive/2019/texmf-dist/tex/latex/l3kernel/l3deprecation.def
File: l3deprecation.def 2019-04-06 v L3 Deprecated functions
))
(f:/texlive/texlive/2019/texmf-dist/tex/latex/l3backend/l3backend-xdvipdfmx.def
File: l3backend-xdvipdfmx.def 2019-04-06 L3 backend support: xdvipdfmx
\g__graphics_track_int=\count186
\l__pdf_internal_box=\box47
\g__pdf_backend_object_int=\count187
\g__pdf_backend_annotation_int=\count188
))
Package: xparse 2020-01-12 L3 Experimental document command parser
\l__xparse_current_arg_int=\count189
\g__xparse_grabber_int=\count190
\l__xparse_m_args_int=\count191
\l__xparse_v_nesting_int=\count192
)
Package: fontspec 2020/01/26 v2.7g Font selection for XeLaTeX and LuaLaTeX
 (f:/texlive/texlive/2019/texmf-dist/tex/latex/fontspec/fontspec-xetex.sty
Package: fontspec-xetex 2020/01/26 v2.7g Font selection for XeLaTeX and LuaLaTe
X
\l__fontspec_script_int=\count193
\l__fontspec_language_int=\count194
\l__fontspec_strnum_int=\count195
\l__fontspec_tmp_int=\count196
\l__fontspec_tmpa_int=\count197
\l__fontspec_tmpb_int=\count198
\l__fontspec_tmpc_int=\count199
\l__fontspec_em_int=\count266
\l__fontspec_emdef_int=\count267
\l__fontspec_strong_int=\count268
\l__fontspec_strongdef_int=\count269
\l__fontspec_tmpa_dim=\dimen154
\l__fontspec_tmpb_dim=\dimen155
\l__fontspec_tmpc_dim=\dimen156

(f:/texlive/texlive/2019/texmf-dist/tex/latex/base/fontenc.sty
Package: fontenc 2018/08/11 v2.0j Standard LaTeX package

(f:/texlive/texlive/2019/texmf-dist/tex/latex/base/tuenc.def
File: tuenc.def 2018/08/11 v2.0j Standard LaTeX file
LaTeX Font Info:    Redeclaring font encoding TU on input line 82.
))
(f:/texlive/texlive/2019/texmf-dist/tex/latex/fontspec/fontspec.cfg)
LaTeX Info: Redefining \itshape on input line 4128.
LaTeX Info: Redefining \slshape on input line 4128.
LaTeX Info: Redefining \scshape on input line 4128.
LaTeX Info: Redefining \upshape on input line 4128.
LaTeX Info: Redefining \em on input line 4128.
LaTeX Info: Redefining \emph on input line 4128.
))
(f:/texlive/texlive/2019/texmf-dist/tex/latex/titlesec/titlesec.sty
Package: titlesec 2019/10/16 v2.13 Sectioning titles
\ttl@box=\box48
\beforetitleunit=\skip52
\aftertitleunit=\skip53
\ttl@plus=\dimen157
\ttl@minus=\dimen158
\ttl@toksa=\toks21
\titlewidth=\dimen159
\titlewidthlast=\dimen160
\titlewidthfirst=\dimen161
)
(f:/texlive/texlive/2019/texmf-dist/tex/latex/soul/soul.sty
Package: soul 2003/11/17 v2.4 letterspacing/underlining (mf)
\SOUL@word=\toks22
\SOUL@lasttoken=\toks23
\SOUL@cmds=\toks24
\SOUL@buffer=\toks25
\SOUL@token=\toks26
\SOUL@spaceskip=\skip54
\SOUL@ttwidth=\dimen162
\SOUL@uldp=\dimen163
\SOUL@ulht=\dimen164
)
(f:/texlive/texlive/2019/texmf-dist/tex/latex/tools/bm.sty
Package: bm 2019/07/24 v1.2d Bold Symbol Support (DPC/FMi)
\symboldoperators=\mathgroup4
\symboldletters=\mathgroup5
\symboldsymbols=\mathgroup6
LaTeX Font Info:    Redeclaring math alphabet \mathbf on input line 141.
LaTeX Info: Redefining \bm on input line 209.
)
(f:/texlive/texlive/2019/texmf-dist/tex/latex/subfigure/subfigure.sty
Package: subfigure 2002/03/15 v2.1.5 subfigure package
\subfigtopskip=\skip55
\subfigcapskip=\skip56
\subfigcaptopadj=\dimen165
\subfigbottomskip=\skip57
\subfigcapmargin=\dimen166
\subfiglabelskip=\skip58
\c@subfigure=\count270
\c@lofdepth=\count271
\c@subtable=\count272
\c@lotdepth=\count273

****************************************
* Local config file subfigure.cfg used *
****************************************
(f:/texlive/texlive/2019/texmf-dist/tex/latex/subfigure/subfigure.cfg)
\subfig@top=\skip59
\subfig@bottom=\skip60
)

Package fontspec Info: Font family 'TimesNewRoman(0)' created for font 'Times
(fontspec)             New Roman' with options [Ligatures=TeX].
(fontspec)              
(fontspec)              This font family consists of the following NFSS
(fontspec)             series/shapes:
(fontspec)              
(fontspec)             - 'normal' (m/n) with NFSS spec.: <->"Times New
(fontspec)             Roman/OT:script=latn;language=DFLT;mapping=tex-text;"
(fontspec)             - 'small caps'  (m/sc) with NFSS spec.: <->"Times New
(fontspec)             Roman/OT:script=latn;language=DFLT;+smcp;mapping=tex-tex
t;"
(fontspec)             - 'bold' (bx/n) with NFSS spec.: <->"Times New
(fontspec)             Roman/B/OT:script=latn;language=DFLT;mapping=tex-text;"
(fontspec)             - 'bold small caps'  (bx/sc) with NFSS spec.: <->"Times
(fontspec)             New
(fontspec)             Roman/B/OT:script=latn;language=DFLT;+smcp;mapping=tex-t
ext;"
(fontspec)             - 'italic' (m/it) with NFSS spec.: <->"Times New
(fontspec)             Roman/I/OT:script=latn;language=DFLT;mapping=tex-text;"
(fontspec)             - 'italic small caps'  (m/scit) with NFSS spec.:
(fontspec)             <->"Times New
(fontspec)             Roman/I/OT:script=latn;language=DFLT;+smcp;mapping=tex-t
ext;"
(fontspec)             - 'bold italic' (bx/it) with NFSS spec.: <->"Times New
(fontspec)             Roman/BI/OT:script=latn;language=DFLT;mapping=tex-text;"

(fontspec)             - 'bold italic small caps'  (bx/scit) with NFSS spec.:
(fontspec)             <->"Times New
(fontspec)             Roman/BI/OT:script=latn;language=DFLT;+smcp;mapping=tex-
text;"


(./Kapitel6.aux)
\openout1 = `Kapitel6.aux'.

LaTeX Font Info:    Checking defaults for OML/cmm/m/it on input line 11.
LaTeX Font Info:    ... okay on input line 11.
LaTeX Font Info:    Checking defaults for T1/cmr/m/n on input line 11.
LaTeX Font Info:    ... okay on input line 11.
LaTeX Font Info:    Checking defaults for OT1/cmr/m/n on input line 11.
LaTeX Font Info:    ... okay on input line 11.
LaTeX Font Info:    Checking defaults for OMS/cmsy/m/n on input line 11.
LaTeX Font Info:    ... okay on input line 11.
LaTeX Font Info:    Checking defaults for TU/lmr/m/n on input line 11.
LaTeX Font Info:    ... okay on input line 11.
LaTeX Font Info:    Checking defaults for OMX/cmex/m/n on input line 11.
LaTeX Font Info:    ... okay on input line 11.
LaTeX Font Info:    Checking defaults for U/cmr/m/n on input line 11.
LaTeX Font Info:    ... okay on input line 11.

*geometry* driver: auto-detecting
*geometry* detected driver: xetex
*geometry* verbose mode - [ preamble ] result:
* driver: xetex
* paper: a4paper
* layout: <same size as paper>
* layoutoffset:(h,v)=(0.0pt,0.0pt)
* modes: 
* h-part:(L,W,R)=(71.13188pt, 455.24411pt, 71.13188pt)
* v-part:(T,H,B)=(71.13188pt, 702.78308pt, 71.13188pt)
* \paperwidth=597.50787pt
* \paperheight=845.04684pt
* \textwidth=455.24411pt
* \textheight=702.78308pt
* \oddsidemargin=-1.1381pt
* \evensidemargin=-1.1381pt
* \topmargin=-38.1381pt
* \headheight=12.0pt
* \headsep=25.0pt
* \topskip=12.0pt
* \footskip=30.0pt
* \marginparwidth=44.0pt
* \marginparsep=10.0pt
* \columnsep=10.0pt
* \skip\footins=10.8pt plus 4.0pt minus 2.0pt
* \hoffset=0.0pt
* \voffset=0.0pt
* \mag=1000
* \@twocolumnfalse
* \@twosidefalse
* \@mparswitchfalse
* \@reversemarginfalse
* (1in=72.27pt=25.4mm, 1cm=28.453pt)


Package fontspec Info: Adjusting the maths setup (use [no-math] to avoid
(fontspec)             this).

\symlegacymaths=\mathgroup7
LaTeX Font Info:    Overwriting symbol font `legacymaths' in version `bold'
(Font)                  OT1/cmr/m/n --> OT1/cmr/bx/n on input line 11.
LaTeX Font Info:    Redeclaring math accent \acute on input line 11.
LaTeX Font Info:    Redeclaring math accent \grave on input line 11.
LaTeX Font Info:    Redeclaring math accent \ddot on input line 11.
LaTeX Font Info:    Redeclaring math accent \tilde on input line 11.
LaTeX Font Info:    Redeclaring math accent \bar on input line 11.
LaTeX Font Info:    Redeclaring math accent \breve on input line 11.
LaTeX Font Info:    Redeclaring math accent \check on input line 11.
LaTeX Font Info:    Redeclaring math accent \hat on input line 11.
LaTeX Font Info:    Redeclaring math accent \dot on input line 11.
LaTeX Font Info:    Redeclaring math accent \mathring on input line 11.
LaTeX Font Info:    Redeclaring math symbol \Gamma on input line 11.
LaTeX Font Info:    Redeclaring math symbol \Delta on input line 11.
LaTeX Font Info:    Redeclaring math symbol \Theta on input line 11.
LaTeX Font Info:    Redeclaring math symbol \Lambda on input line 11.
LaTeX Font Info:    Redeclaring math symbol \Xi on input line 11.
LaTeX Font Info:    Redeclaring math symbol \Pi on input line 11.
LaTeX Font Info:    Redeclaring math symbol \Sigma on input line 11.
LaTeX Font Info:    Redeclaring math symbol \Upsilon on input line 11.
LaTeX Font Info:    Redeclaring math symbol \Phi on input line 11.
LaTeX Font Info:    Redeclaring math symbol \Psi on input line 11.
LaTeX Font Info:    Redeclaring math symbol \Omega on input line 11.
LaTeX Font Info:    Redeclaring math symbol \mathdollar on input line 11.
LaTeX Font Info:    Redeclaring symbol font `operators' on input line 11.
LaTeX Font Info:    Encoding `OT1' has changed to `TU' for symbol font
(Font)              `operators' in the math version `normal' on input line 11.
LaTeX Font Info:    Overwriting symbol font `operators' in version `normal'
(Font)                  OT1/cmr/m/n --> TU/TimesNewRoman(0)/m/n on input line 1
1.
LaTeX Font Info:    Encoding `OT1' has changed to `TU' for symbol font
(Font)              `operators' in the math version `bold' on input line 11.
LaTeX Font Info:    Overwriting symbol font `operators' in version `bold'
(Font)                  OT1/cmr/bx/n --> TU/TimesNewRoman(0)/m/n on input line 
11.
LaTeX Font Info:    Overwriting symbol font `operators' in version `normal'
(Font)                  TU/TimesNewRoman(0)/m/n --> TU/TimesNewRoman(0)/m/n on 
input line 11.
LaTeX Font Info:    Overwriting math alphabet `\mathit' in version `normal'
(Font)                  OT1/cmr/m/it --> TU/TimesNewRoman(0)/m/it on input line
 11.
LaTeX Font Info:    Overwriting math alphabet `\mathbf' in version `normal'
(Font)                  OT1/cmr/bx/n --> TU/TimesNewRoman(0)/bx/n on input line
 11.
LaTeX Font Info:    Overwriting math alphabet `\mathsf' in version `normal'
(Font)                  OT1/cmss/m/n --> TU/lmss/m/n on input line 11.
LaTeX Font Info:    Overwriting math alphabet `\mathtt' in version `normal'
(Font)                  OT1/cmtt/m/n --> TU/lmtt/m/n on input line 11.
LaTeX Font Info:    Overwriting symbol font `operators' in version `bold'
(Font)                  TU/TimesNewRoman(0)/m/n --> TU/TimesNewRoman(0)/bx/n on
 input line 11.
LaTeX Font Info:    Overwriting math alphabet `\mathit' in version `bold'
(Font)                  OT1/cmr/bx/it --> TU/TimesNewRoman(0)/bx/it on input li
ne 11.
LaTeX Font Info:    Overwriting math alphabet `\mathsf' in version `bold'
(Font)                  OT1/cmss/bx/n --> TU/lmss/bx/n on input line 11.
LaTeX Font Info:    Overwriting math alphabet `\mathtt' in version `bold'
(Font)                  OT1/cmtt/m/n --> TU/lmtt/bx/n on input line 11.
(f:/texlive/texlive/2019/texmf-dist/tex/latex/titlesec/titleps.sty

Package titlesec Warning: You are using an old interface for page styles
(titlesec)                (or you forgot the package option 'pagestyles').
(titlesec)                You could proceed but don't complain if you run
(titlesec)                into errors.

) (./Kapitel6.toc)
\tf@toc=\write3
\openout3 = `Kapitel6.toc'.

 [1

]
Overfull \hbox (18.20126pt too wide) in paragraph at lines 38--39
[]\TU/TimesNewRoman(0)/m/n/12 Bestimmung der Richtungswinkel ohne Anschlußpunkt
e durch Vermessungskreisel 
 []

[2]
Overfull \hbox (3.97855pt too wide) in paragraph at lines 66--67
[]\TU/TimesNewRoman(0)/m/n/12 Kreisel weicht mit den Präzensionsbewegung rechtw
inklig aus Rotationsachse des Kreisels
 []

File: EinflussBreite.png Graphic file (type bmp)
<EinflussBreite.png>
File: EinflussAuslenkung.png Graphic file (type bmp)
<EinflussAuslenkung.png>
[3]
File: Ableser.png Graphic file (type bmp)
<Ableser.png>

Overfull \hbox (31.23636pt too wide) in paragraph at lines 114--115
[]\TU/TimesNewRoman(0)/m/n/12 Nachführen des Lichtzeigens auf der Skalermittel 
durch Drehen der Alhidade(Theodolitoberbau)
 []

[4] [5] [6] [7]
Underfull \hbox (badness 10000) in paragraph at lines 248--252

 []

[8]
Overfull \hbox (44.21529pt too wide) in paragraph at lines 291--295
\TU/TimesNewRoman(0)/m/n/12 Festlegung der Station $\OML/cmm/m/it/12 P[]$\TU/Ti
mesNewRoman(0)/m/n/12 , ab der die Kreiselmessungen einen Genauigkeitsgewinn br
ingen.(Bedingungen
 []

[9]
Overfull \hbox (8.40042pt too wide) in paragraph at lines 332--334
\TU/TimesNewRoman(0)/m/n/12 Annährung(Längenänderung) zwischen Hangendem (Tunne
ldecke) und Liegendem(Tunnelsohle) 
 []

[10] [11] (./Kapitel6.aux) ) 
Here is how much of TeX's memory you used:
 17060 strings out of 492472
 352392 string characters out of 6129299
 431129 words of memory out of 5000000
 21469 multiletter control sequences out of 15000+600000
 539014 words of font info for 69 fonts, out of 8000000 for 9000
 1348 hyphenation exceptions out of 8191
 45i,10n,79p,396b,2146s stack positions out of 5000i,500n,10000p,200000b,80000s

Output written on Kapitel6.pdf (11 pages).
